<?xml version="1.0" encoding="UTF-8"?>
<!-- Generated by org.testng.reporters.JUnitXMLReporter -->
<testsuite ignored="0" hostname="DI2INPUN0526WNB" failures="0" tests="2" name="Default test" time="28.442" errors="0" timestamp="06 Feb 2024 06:43:50 GMT">
  <testcase classname="io.cucumber.testng.AbstractTestNGCucumberTests" name="runScenario" time="2.818"/>
  <testcase classname="io.cucumber.testng.AbstractTestNGCucumberTests" name="runScenario" time="25.254"/>
</testsuite> <!-- Default test -->
