<?xml version="1.0" encoding="UTF-8"?>
<!-- Generated by org.testng.reporters.JUnitXMLReporter -->
<testsuite ignored="0" hostname="DI2INPUN0526WNB" failures="0" tests="2" name="Error Validation Test" time="39.188" errors="0" timestamp="30 Oct 2023 12:59:36 GMT">
  <testcase classname="pawaracademy.tests.ErrorValidationTest" name="LoginErrorValidation" time="0.383"/>
  <testcase classname="pawaracademy.tests.ErrorValidationTest" name="ProductErrorValidation" time="32.144"/>
</testsuite> <!-- Error Validation Test -->
