<?xml version="1.0" encoding="UTF-8"?>
<!-- Generated by org.testng.reporters.JUnitXMLReporter -->
<testsuite ignored="0" hostname="DI2INPUN0526WNB" failures="0" tests="2" name="Error Validation Test" time="19.692" errors="0" timestamp="06 Nov 2023 07:25:36 GMT">
  <testcase classname="pawaracademy.tests.ErrorValidationTest" name="LoginErrorValidation" time="0.822"/>
  <testcase classname="pawaracademy.tests.ErrorValidationTest" name="ProductErrorValidation" time="9.58"/>
</testsuite> <!-- Error Validation Test -->
